<?xml version="1.0" encoding="UTF-8"?>
<testng-results skipped="0" failed="0" total="1" passed="1">
  <reporter-output>
    <line>
      <![CDATA[
Server URL : https://qa-nb-collections.novopay.in/api-gateway/api/novopay/v1/getEncryptionKey]]>
    </line>
    <line>
      <![CDATA[
Total time taken for the post request is : 2.684 Seconds ...]]>
    </line>
    <line>
      <![CDATA[
Request sent is 
{"headers":{"actor_type":"CUSTOMER","operation_mode":"SELF","channel_code":"NOVOPAY","locale":"en-in","function_sub_code":"DEFAULT","function_code":"DEFAULT","end_channel_code":"AIG","user_id":"30","run_mode":"REAL","stan":"UF3qT","user_handle_value":"admin","location":"44.968046,-94.420307","client_ip":"127.0.0.1","user_handle_type":"MSISDN","transmission_datetime":"1603964710727","client_code":"NOVOPAY","tenant_code":"fk"},"request":{"key_type":"MPIN-ENCRYPTION-KEY"}}]]>
    </line>
    <line>
      <![CDATA[
Response Obtained : {"response_status":{"code":"40032","message":"Encryption key fetched successfully","status":"SUCCESS"},"key_value":"MIIBIjANBgkqhkiG9w0BAQEFAAOCAQ8AMIIBCgKCAQEAs+CLAhBZbP0MWBY5ka6EKCId2FAIV2ygFkNPhGfxXuqGNdQYRDwbSSYRRYwozRBnN4ooJ0XeGMofD9VLQWsCNvGmJxE2oC4wgDaYDWwjKfehFvwIs6RenJJa7RRcYwFsWAIHzvLHCxGugxAZbjLhMvP+1E0DAiSGN\/L\/UTdCkxfr4XzlTMi0kcirHLgiAdIIy7F7zRjtw6pcVkzRbwHOhT6rus4MpThYhMIoY6CYpwsF+ryqlqExl1bp0xydtf2CGFjKvlIxxU0yTMx1\/ce3ewmVpFKkNgfQOPOe18RGB45W6GjtCZAO5rSslg465T1bahrEABbEfSxBQDgARfLsVQIDAQAB"}]]>
    </line>
    <line>
      <![CDATA[
Response code Assertion successful..!]]>
    </line>
    <line>
      <![CDATA[
Response status assertion successful..!]]>
    </line>
    <line>
      <![CDATA[
Server URL : https://qa-nb-collections.novopay.in/api-gateway/api/novopay/v1/login]]>
    </line>
    <line>
      <![CDATA[
Total time taken for the post request is : 0.759 Seconds ...]]>
    </line>
    <line>
      <![CDATA[
Request sent is 
{"headers":{"actor_type":"CUSTOMER","operation_mode":"SELF","channel_code":"NOVOPAY","locale":"en-in","function_sub_code":"DEFAULT","function_code":"DEFAULT","end_channel_code":"AIG","user_id":"30","run_mode":"REAL","stan":"Sw4h8","user_handle_value":"admin","location":"44.968046,-94.420307","client_ip":"127.0.0.1","user_handle_type":"MSISDN","transmission_datetime":"1603964714183","client_code":"NOVOPAY","tenant_code":"fk"},"request":{"handle_value":"7903181938","auth_type":"MPIN","handle_type":"MSISDN","auth_value":"UkdPSkUwMUppandnMnIvSmtMZHpSek1NVlo5Qm5zQ1l4WXdVZW4rNVppYTNneDZUQ29maVQ1bDJPV3BBQTFnU3hEK2xuSk9nT2FjaGJrTEhrTEZreWtQWnYydmhyYVVhVGVGTFdwdXJtaXNJZEVOMGJPd2ZqVW9xWENvM2krUGlBS1ZXci8vZktxZHFyL0hKT1hFSWtFOGRGUTRSNjJCOSs5V1pjQTFlS3RvOHZqTXVEdHF5QzlhWlFEYllURDNtQlFLY0VhYlZDTzFFM1NnMXR4YkhHS1pDcVkwSWhtbHV1MXR3ek0yQm81cFBDWlFueVRuUS9yWmdaSUhIdnNHMWRkMnAwWFEyVG1CU2dWNVBiY3NKemRBV0YxOENFZVNtUXQyV1hEcW5xU1BzSlgrbDNlK0Q0enhwcTR1UlVibTdjSGhPeFBiazRJcktBMkdUSXFJSXZRPT0="}}]]>
    </line>
    <line>
      <![CDATA[
Response Obtained : {"session_token":"f64251ee-212e-46e9-9b18-60548bb81c5b","response_status":{"code":"40033","message":"Login Successful","status":"SUCCESS"},"handle_details":[{"handle_value":"7903181938","handle_type":"MSISDN"}],"user_details":{"account_number":null,"preferred_language_value":"en-in","gender":"MALE","date_of_birth":"","corporate_id":null,"last_name":"Jogalekar","id":"30","salutation":"MR","first_name":"Prakash","photo_document_code":null,"preferred_language":"en-in"},"employee_details":{"id":"12"}}]]>
    </line>
    <line>
      <![CDATA[
Response code Assertion successful..!]]>
    </line>
    <line>
      <![CDATA[
Response status assertion successful..!]]>
    </line>
  </reporter-output>
  <suite name="Suite" duration-ms="1968" started-at="2020-10-29T09:45:13Z" finished-at="2020-10-29T09:45:15Z">
    <groups>
    </groups>
    <test name="Test" duration-ms="1968" started-at="2020-10-29T09:45:13Z" finished-at="2020-10-29T09:45:15Z">
      <class name="in.novopay.cbs.apis.ActorMicroservice.createorupdatecollection.CreateOrUpdateCollectionTest">
        <test-method status="PASS" signature="readConfig()[pri:0, instance:in.novopay.cbs.apis.ActorMicroservice.createorupdatecollection.CreateOrUpdateCollectionTest@56235b8e]" name="readConfig" is-config="true" duration-ms="32" started-at="2020-10-29T15:15:09Z" finished-at="2020-10-29T15:15:09Z">
          <reporter-output>
          </reporter-output>
        </test-method> <!-- readConfig -->
        <test-method status="PASS" signature="readConfig()[pri:0, instance:in.novopay.cbs.apis.login.LoginTest@21213b92]" name="readConfig" is-config="true" duration-ms="4308" started-at="2020-10-29T15:15:09Z" finished-at="2020-10-29T15:15:13Z">
          <reporter-output>
            <line>
              <![CDATA[
Server URL : https://qa-nb-collections.novopay.in/api-gateway/api/novopay/v1/getEncryptionKey]]>
            </line>
            <line>
              <![CDATA[
Total time taken for the post request is : 2.684 Seconds ...]]>
            </line>
            <line>
              <![CDATA[
Request sent is 
{"headers":{"actor_type":"CUSTOMER","operation_mode":"SELF","channel_code":"NOVOPAY","locale":"en-in","function_sub_code":"DEFAULT","function_code":"DEFAULT","end_channel_code":"AIG","user_id":"30","run_mode":"REAL","stan":"UF3qT","user_handle_value":"admin","location":"44.968046,-94.420307","client_ip":"127.0.0.1","user_handle_type":"MSISDN","transmission_datetime":"1603964710727","client_code":"NOVOPAY","tenant_code":"fk"},"request":{"key_type":"MPIN-ENCRYPTION-KEY"}}]]>
            </line>
            <line>
              <![CDATA[
Response Obtained : {"response_status":{"code":"40032","message":"Encryption key fetched successfully","status":"SUCCESS"},"key_value":"MIIBIjANBgkqhkiG9w0BAQEFAAOCAQ8AMIIBCgKCAQEAs+CLAhBZbP0MWBY5ka6EKCId2FAIV2ygFkNPhGfxXuqGNdQYRDwbSSYRRYwozRBnN4ooJ0XeGMofD9VLQWsCNvGmJxE2oC4wgDaYDWwjKfehFvwIs6RenJJa7RRcYwFsWAIHzvLHCxGugxAZbjLhMvP+1E0DAiSGN\/L\/UTdCkxfr4XzlTMi0kcirHLgiAdIIy7F7zRjtw6pcVkzRbwHOhT6rus4MpThYhMIoY6CYpwsF+ryqlqExl1bp0xydtf2CGFjKvlIxxU0yTMx1\/ce3ewmVpFKkNgfQOPOe18RGB45W6GjtCZAO5rSslg465T1bahrEABbEfSxBQDgARfLsVQIDAQAB"}]]>
            </line>
            <line>
              <![CDATA[
Response code Assertion successful..!]]>
            </line>
            <line>
              <![CDATA[
Response status assertion successful..!]]>
            </line>
          </reporter-output>
        </test-method> <!-- readConfig -->
        <test-method status="FAIL" signature="clearSessionToken()[pri:0, instance:in.novopay.cbs.apis.ActorMicroservice.createorupdatecollection.CreateOrUpdateCollectionTest@56235b8e]" name="clearSessionToken" is-config="true" duration-ms="0" started-at="2020-10-29T15:15:15Z" finished-at="2020-10-29T15:15:15Z">
          <exception class="java.lang.NullPointerException">
            <full-stacktrace>
              <![CDATA[java.lang.NullPointerException
	at in.novopay.cbs.apis.ActorMicroservice.createorupdatecollection.CreateOrUpdateCollectionTest.clearSessionToken(CreateOrUpdateCollectionTest.java:72)
	at sun.reflect.NativeMethodAccessorImpl.invoke0(Native Method)
	at sun.reflect.NativeMethodAccessorImpl.invoke(NativeMethodAccessorImpl.java:62)
	at sun.reflect.DelegatingMethodAccessorImpl.invoke(DelegatingMethodAccessorImpl.java:43)
	at java.lang.reflect.Method.invoke(Method.java:498)
	at org.testng.internal.MethodInvocationHelper.invokeMethod(MethodInvocationHelper.java:84)
	at org.testng.internal.Invoker.invokeConfigurationMethod(Invoker.java:564)
	at org.testng.internal.Invoker.invokeConfigurations(Invoker.java:213)
	at org.testng.internal.Invoker.invokeConfigurations(Invoker.java:138)
	at org.testng.SuiteRunner.privateRun(SuiteRunner.java:322)
	at org.testng.SuiteRunner.run(SuiteRunner.java:254)
	at org.testng.SuiteRunnerWorker.runSuite(SuiteRunnerWorker.java:52)
	at org.testng.SuiteRunnerWorker.run(SuiteRunnerWorker.java:86)
	at org.testng.TestNG.runSuitesSequentially(TestNG.java:1224)
	at org.testng.TestNG.runSuitesLocally(TestNG.java:1149)
	at org.testng.TestNG.run(TestNG.java:1057)
	at org.testng.remote.AbstractRemoteTestNG.run(AbstractRemoteTestNG.java:132)
	at org.testng.remote.RemoteTestNG.initAndRun(RemoteTestNG.java:236)
	at org.testng.remote.RemoteTestNG.main(RemoteTestNG.java:81)
]]>
            </full-stacktrace>
          </exception> <!-- java.lang.NullPointerException -->
          <reporter-output>
          </reporter-output>
        </test-method> <!-- clearSessionToken -->
      </class> <!-- in.novopay.cbs.apis.ActorMicroservice.createorupdatecollection.CreateOrUpdateCollectionTest -->
      <class name="in.novopay.cbs.apis.login.LoginTest">
        <test-method status="PASS" signature="loginTest(java.util.HashMap)[pri:0, instance:in.novopay.cbs.apis.login.LoginTest@21213b92]" name="loginTest" duration-ms="1018" started-at="2020-10-29T15:15:14Z" data-provider="getTestData" finished-at="2020-10-29T15:15:15Z">
          <params>
            <param index="0">
              <value>
                <![CDATA[{codes=40033, request=Yes, channel_code=NOVOPAY, Authorization=no, function_sub_code=DEFAULT, password=real, function_code=DEFAULT, DESCRIPTION=Happy flow., TESTTYPE=Positive, user_handle_value=admin, client_ip=127.0.0.1, Content-Type=application/json, transmission_datetime=Dynamic, handle_value=7903181938, headers=Yes, auth_type=MPIN, EXECUTIONMODE=Yes, Accept=application/json, actor_type=CUSTOMER, operation_mode=SELF, auth_value=1234, message=Encryption key fetched successfully, TCID=LoginTest_001, handle_type=MSISDN, end_channel_code=AIG, run_mode=REAL, stan=Dynamic, location=44.968046,-94.420307, user_handle_type=MSISDN, status=SUCCESS, tenant_code=fk, client_code=NOVOPAY}]]>
              </value>
            </param>
          </params>
          <reporter-output>
            <line>
              <![CDATA[
Server URL : https://qa-nb-collections.novopay.in/api-gateway/api/novopay/v1/login]]>
            </line>
            <line>
              <![CDATA[
Total time taken for the post request is : 0.759 Seconds ...]]>
            </line>
            <line>
              <![CDATA[
Request sent is 
{"headers":{"actor_type":"CUSTOMER","operation_mode":"SELF","channel_code":"NOVOPAY","locale":"en-in","function_sub_code":"DEFAULT","function_code":"DEFAULT","end_channel_code":"AIG","user_id":"30","run_mode":"REAL","stan":"Sw4h8","user_handle_value":"admin","location":"44.968046,-94.420307","client_ip":"127.0.0.1","user_handle_type":"MSISDN","transmission_datetime":"1603964714183","client_code":"NOVOPAY","tenant_code":"fk"},"request":{"handle_value":"7903181938","auth_type":"MPIN","handle_type":"MSISDN","auth_value":"UkdPSkUwMUppandnMnIvSmtMZHpSek1NVlo5Qm5zQ1l4WXdVZW4rNVppYTNneDZUQ29maVQ1bDJPV3BBQTFnU3hEK2xuSk9nT2FjaGJrTEhrTEZreWtQWnYydmhyYVVhVGVGTFdwdXJtaXNJZEVOMGJPd2ZqVW9xWENvM2krUGlBS1ZXci8vZktxZHFyL0hKT1hFSWtFOGRGUTRSNjJCOSs5V1pjQTFlS3RvOHZqTXVEdHF5QzlhWlFEYllURDNtQlFLY0VhYlZDTzFFM1NnMXR4YkhHS1pDcVkwSWhtbHV1MXR3ek0yQm81cFBDWlFueVRuUS9yWmdaSUhIdnNHMWRkMnAwWFEyVG1CU2dWNVBiY3NKemRBV0YxOENFZVNtUXQyV1hEcW5xU1BzSlgrbDNlK0Q0enhwcTR1UlVibTdjSGhPeFBiazRJcktBMkdUSXFJSXZRPT0="}}]]>
            </line>
            <line>
              <![CDATA[
Response Obtained : {"session_token":"f64251ee-212e-46e9-9b18-60548bb81c5b","response_status":{"code":"40033","message":"Login Successful","status":"SUCCESS"},"handle_details":[{"handle_value":"7903181938","handle_type":"MSISDN"}],"user_details":{"account_number":null,"preferred_language_value":"en-in","gender":"MALE","date_of_birth":"","corporate_id":null,"last_name":"Jogalekar","id":"30","salutation":"MR","first_name":"Prakash","photo_document_code":null,"preferred_language":"en-in"},"employee_details":{"id":"12"}}]]>
            </line>
            <line>
              <![CDATA[
Response code Assertion successful..!]]>
            </line>
            <line>
              <![CDATA[
Response status assertion successful..!]]>
            </line>
          </reporter-output>
        </test-method> <!-- loginTest -->
        <test-method status="PASS" signature="result(org.testng.ITestResult)[pri:0, instance:in.novopay.cbs.apis.login.LoginTest@21213b92]" name="result" is-config="true" duration-ms="329" started-at="2020-10-29T15:15:15Z" finished-at="2020-10-29T15:15:15Z">
          <params>
            <param index="0">
              <value>
                <![CDATA[[TestResult name=loginTest status=SUCCESS method=LoginTest.loginTest(java.util.HashMap)[pri:0, instance:in.novopay.cbs.apis.login.LoginTest@21213b92] output=
Server URL : https://qa-nb-collections.novopay.in/api-gateway/api/novopay/v1/login]]]>
              </value>
            </param>
          </params>
          <reporter-output>
          </reporter-output>
        </test-method> <!-- result -->
      </class> <!-- in.novopay.cbs.apis.login.LoginTest -->
    </test> <!-- Test -->
  </suite> <!-- Suite -->
</testng-results>
