<?xml version="1.0" encoding="UTF-8"?>
<!-- Generated by org.testng.reporters.JUnitXMLReporter -->
<testsuite hostname="DESKTOP-L7AGLPD" name="Test" tests="2" failures="2" timestamp="5 Oct 2020 10:31:10 GMT" time="2.692" errors="0">
  <testcase name="loginTest" time="0.867" classname="in.novopay.cbs.apis.login.LoginTest">
    <failure type="java.lang.AssertionError" message="TEST FAILED!!! Assertion error..!">
      <![CDATA[java.lang.AssertionError: TEST FAILED!!! Assertion error..!
	at in.novopay.cbs.utils.ApiUtils.assertAPIResponseStatus(ApiUtils.java:304)
	at in.novopay.cbs.apis.login.LoginTest.loginTest(LoginTest.java:49)
... Removed 25 stack frames]]>
    </failure>
  </testcase> <!-- loginTest -->
  <testcase name="createOrUpdateCollectionTest" time="0.863" classname="in.novopay.cbs.apis.ActorMicroservice.createorupdatecollection.CreateOrUpdateCollectionTest">
    <failure type="java.lang.AssertionError" message="TEST FAILED!!! Assertion error..!">
      <![CDATA[java.lang.AssertionError: TEST FAILED!!! Assertion error..!
	at in.novopay.cbs.utils.ApiUtils.assertAPIResponseStatus(ApiUtils.java:304)
	at in.novopay.cbs.apis.ActorMicroservice.createorupdatecollection.CreateOrUpdateCollectionTest.createOrUpdateCollectionTest(CreateOrUpdateCollectionTest.java:45)
... Removed 25 stack frames]]>
    </failure>
  </testcase> <!-- createOrUpdateCollectionTest -->
</testsuite> <!-- Test -->
